
Starting:    C:\Gowin\Gowin_V1.9.2.02Beta\SynplifyPro\bin64\mbin\synplify.exe
Install:     C:\Gowin\Gowin_V1.9.2.02Beta\SynplifyPro
Hostname:    EYE-02
Date:        Tue Jan  7 12:14:54 2020
Version:     P-2019.03G

Arguments:   -product synplify_pro E:/project_manager/Mini_eye_Board/gowin/course/course_prj/course10_seg2/SEG_2/impl/synthesize/SEG_2.prj
ProductType: synplify_pro

License checkout: synplifypro_gowin
License: synplifypro_gowin node-locked 
Licensed Vendor: gowin



log file: "E:\project_manager\Mini_eye_Board\gowin\course\course_prj\course10_seg2\SEG_2\impl\synthesize\rev_1\SEG_2.srr"
Running: rev_1 in foreground

Running SEG_2|rev_1

Running Flow: compile (Compile) on SEG_2|rev_1
# Tue Jan  7 12:14:58 2020

Running Flow: compile_flow (Compile Process) on SEG_2|rev_1
# Tue Jan  7 12:14:58 2020

Running: compiler (Compile Input) on SEG_2|rev_1
# Tue Jan  7 12:14:58 2020

compiler completed
# Tue Jan  7 12:14:59 2020

Return Code: 0
Run Time:00h:00m:01s

Running: multi_srs_gen (Multi-srs Generator) on SEG_2|rev_1
# Tue Jan  7 12:14:59 2020

multi_srs_gen completed
# Tue Jan  7 12:14:59 2020

Return Code: 0
Run Time:00h:00m:00s
Complete: Compile Process on SEG_2|rev_1

Running: premap (Premap) on SEG_2|rev_1
# Tue Jan  7 12:14:59 2020

premap completed with warnings
# Tue Jan  7 12:15:01 2020

Return Code: 1
Run Time:00h:00m:02s
Complete: Compile on SEG_2|rev_1

Running Flow: map (Map) on SEG_2|rev_1
# Tue Jan  7 12:15:01 2020

Running: fpga_mapper (Map & Optimize) on SEG_2|rev_1
# Tue Jan  7 12:15:01 2020
Copied E:\project_manager\Mini_eye_Board\gowin\course\course_prj\course10_seg2\SEG_2\impl\synthesize\rev_1\synwork\SEG_2_m.srm to E:\project_manager\Mini_eye_Board\gowin\course\course_prj\course10_seg2\SEG_2\impl\synthesize\rev_1\SEG_2.srm

fpga_mapper completed with warnings
# Tue Jan  7 12:15:06 2020

Return Code: 1
Run Time:00h:00m:05s
Complete: Map on SEG_2|rev_1
Complete: Logic Synthesis on SEG_2|rev_1
0exit status=0
License checkin: synplifypro_gowin
